2019-02-08 09:39:15.436 DEBUG ValidationErrorsTest.senErros:25 - false
2019-02-08 09:39:15.478 DEBUG Errors.showErrors:86 - clave: 
2019-02-08 09:39:15.479 DEBUG Errors.showErrors:86 - clave: 
2019-02-08 09:39:15.479 DEBUG Errors.showErrors:86 - clave: 
2019-02-08 09:39:15.480 DEBUG Errors.showErrors:86 - clave: 
2019-02-08 09:39:15.480 DEBUG Errors.showErrors:86 - clave: 
2019-02-08 09:39:15.480 DEBUG Errors.showErrors:86 - clave: 
2019-02-08 09:39:15.481 DEBUG Errors.showErrors:86 - clave: 
2019-02-08 09:39:15.481 DEBUG Errors.showErrors:86 - clave: 
2019-02-08 09:39:15.481 DEBUG Errors.showErrors:86 - clave: 
2019-02-08 09:39:15.482 DEBUG Errors.showErrors:86 - clave: 
2019-02-08 09:39:15.482 DEBUG Errors.showErrors:86 - clave: 
2019-02-08 09:39:15.482 DEBUG Errors.showErrors:86 - clave: 
2019-02-08 09:39:15.483 DEBUG Errors.showErrors:86 - clave: 
2019-02-08 09:39:15.483 DEBUG Errors.showErrors:86 - clave: 
2019-02-08 09:39:15.483 DEBUG Errors.showErrors:86 - clave: 
2019-02-08 09:39:15.484 DEBUG Errors.showErrors:86 - clave: 
2019-02-08 09:39:15.484 DEBUG Errors.showErrors:86 - clave: 
2019-02-08 09:39:15.484 DEBUG Errors.showErrors:86 - clave: 
2019-02-08 09:39:15.484 DEBUG Errors.showErrors:86 - clave: 
2019-02-08 09:39:15.485 DEBUG Errors.showErrors:86 - clave: 
2019-02-08 09:39:15.485 DEBUG Errors.showErrors:86 - clave: 
2019-02-08 09:39:15.485 DEBUG Errors.showErrors:86 - clave: 
2019-02-08 09:39:15.486 DEBUG Errors.showErrors:86 - clave: 
2019-02-08 09:40:24.820 DEBUG ValidationErrorsTest.senErros:25 - false
2019-02-08 09:40:24.829 DEBUG Errors.showErrors:86 - fechadesde:
2019-02-08 09:40:24.829 DEBUG Errors.showErrors:86 - piso:
2019-02-08 09:40:24.830 DEBUG Errors.showErrors:86 - cidade:
2019-02-08 09:40:24.830 DEBUG Errors.showErrors:86 - deporte:
2019-02-08 09:40:24.830 DEBUG Errors.showErrors:86 - numero:
2019-02-08 09:40:24.830 DEBUG Errors.showErrors:86 - fechahasta:
2019-02-08 09:40:24.830 DEBUG Errors.showErrors:86 - calle:
2019-02-08 09:40:24.831 DEBUG Errors.showErrors:86 - letra:
2019-02-08 09:40:24.831 DEBUG Errors.showErrors:86 - provincia:
2019-02-08 09:40:24.831 DEBUG Errors.showErrors:86 - nombre:
2019-02-08 09:40:24.832 DEBUG Errors.showErrors:86 - participante:
2019-02-08 09:40:24.832 DEBUG Errors.showErrors:86 - fecha:
2019-02-08 09:40:24.832 DEBUG Errors.showErrors:86 - evento:
2019-02-08 09:40:24.833 DEBUG Errors.showErrors:86 - password:
2019-02-08 09:40:24.833 DEBUG Errors.showErrors:86 - codpostal:
2019-02-08 09:40:24.833 DEBUG Errors.showErrors:86 - fnac:
2019-02-08 09:40:24.833 DEBUG Errors.showErrors:86 - apelido1:
2019-02-08 09:40:24.834 DEBUG Errors.showErrors:86 - apelido2:
2019-02-08 09:40:24.834 DEBUG Errors.showErrors:86 - telefono:
2019-02-08 09:40:24.834 DEBUG Errors.showErrors:86 - competicion:
2019-02-08 09:40:24.835 DEBUG Errors.showErrors:86 - dni:
2019-02-08 09:40:24.835 DEBUG Errors.showErrors:86 - email:
2019-02-08 09:40:24.835 DEBUG Errors.showErrors:86 - nomeusuario:
2019-02-08 09:40:36.666 DEBUG ValidationErrorsTest.conErros:17 - true
2019-02-08 09:40:36.675 DEBUG Errors.showErrors:86 - fechadesde:
2019-02-08 09:40:36.676 DEBUG Errors.showErrors:86 - piso:
2019-02-08 09:40:36.676 DEBUG Errors.showErrors:86 - cidade:
2019-02-08 09:40:36.676 DEBUG Errors.showErrors:86 - deporte:
2019-02-08 09:40:36.676 DEBUG Errors.showErrors:86 - numero:
2019-02-08 09:40:36.677 DEBUG Errors.showErrors:86 - fechahasta:
2019-02-08 09:40:36.677 DEBUG Errors.showErrors:86 - calle:
2019-02-08 09:40:36.677 DEBUG Errors.showErrors:86 - letra:
2019-02-08 09:40:36.677 DEBUG Errors.showErrors:86 - provincia:
2019-02-08 09:40:36.677 DEBUG Errors.showErrors:86 - nombre:
2019-02-08 09:40:36.678 DEBUG Errors.showErrors:86 - participante:
2019-02-08 09:40:36.678 DEBUG Errors.showErrors:86 - fecha:
2019-02-08 09:40:36.678 DEBUG Errors.showErrors:86 - evento:
2019-02-08 09:40:36.678 DEBUG Errors.showErrors:86 - password:
2019-02-08 09:40:36.678 DEBUG Errors.showErrors:86 - codpostal:
2019-02-08 09:40:36.679 DEBUG Errors.showErrors:86 - fnac:
2019-02-08 09:40:36.679 DEBUG Errors.showErrors:86 - apelido1:
2019-02-08 09:40:36.680 DEBUG Errors.showErrors:89 - HAI ERRO
2019-02-08 09:40:36.680 DEBUG Errors.showErrors:89 - AAAAAAAAAAA
2019-02-08 09:40:36.680 DEBUG Errors.showErrors:86 - apelido2:
2019-02-08 09:40:36.680 DEBUG Errors.showErrors:86 - telefono:
2019-02-08 09:40:36.681 DEBUG Errors.showErrors:86 - competicion:
2019-02-08 09:40:36.681 DEBUG Errors.showErrors:86 - dni:
2019-02-08 09:40:36.681 DEBUG Errors.showErrors:86 - email:
2019-02-08 09:40:36.681 DEBUG Errors.showErrors:86 - nomeusuario:
2019-02-08 09:42:18.537 DEBUG ValidationErrorsTest.conErros:17 - true
2019-02-08 09:42:18.550 DEBUG Errors.showErrors:87 - Clave : apelido1
2019-02-08 09:42:18.551 DEBUG Errors.showErrors:89 - HAI ERRO
2019-02-08 09:42:18.552 DEBUG Errors.showErrors:87 - Clave : apelido2
2019-02-08 09:42:18.552 DEBUG Errors.showErrors:89 - AAAAAAAAAAA
2019-02-08 09:48:52.306 DEBUG ValidationErrorsTest.conErros:17 - true
2019-02-08 09:48:52.319 DEBUG Errors.showErrors:87 - Clave : apelido1
2019-02-08 09:48:52.321 DEBUG Errors.showErrors:89 - HAI ERRO
2019-02-08 09:48:52.321 DEBUG Errors.showErrors:87 - Clave : apelido2
2019-02-08 09:48:52.321 DEBUG Errors.showErrors:89 - AAAAAAAAAAA
2019-02-08 09:49:14.207 DEBUG ValidationErrorsTest.conErros:18 - true
2019-02-08 09:49:14.219 DEBUG Errors.showErrors:87 - Clave : apelido1
2019-02-08 09:49:14.221 DEBUG Errors.showErrors:89 - HAI ERRO
2019-02-08 09:49:14.221 DEBUG Errors.showErrors:87 - Clave : apelido2
2019-02-08 09:49:14.221 DEBUG Errors.showErrors:89 - AAAAAAAAAAA
2019-02-08 09:49:14.222 DEBUG Errors.showErrors:89 - AAAAAAAAAAA
